[WARN] Public health failed at https://applications-production-rising-planner.trycloudflare.com/api/v1/health
[WARN] Restarting tunnel components (cloudflared + gateway).
[INFO] Tunnel URL changed: 'https://applications-production-rising-planner.trycloudflare.com' -> 'https://buf-logic-civic-rico.trycloudflare.com'
[WARN] vercel CLI not found; skipping auto deploy.
[OK] Public health reachable at https://buf-logic-civic-rico.trycloudflare.com/api/v1/health
[OK] Public health reachable at https://buf-logic-civic-rico.trycloudflare.com/api/v1/health
[OK] Public health reachable at https://buf-logic-civic-rico.trycloudflare.com/api/v1/health
[OK] Public health reachable at https://buf-logic-civic-rico.trycloudflare.com/api/v1/health
[OK] Public health reachable at https://buf-logic-civic-rico.trycloudflare.com/api/v1/health
[OK] Public health reachable at https://buf-logic-civic-rico.trycloudflare.com/api/v1/health
[OK] Public health reachable at https://buf-logic-civic-rico.trycloudflare.com/api/v1/health
[OK] Public health reachable at https://buf-logic-civic-rico.trycloudflare.com/api/v1/health
[OK] Public health reachable at https://buf-logic-civic-rico.trycloudflare.com/api/v1/health
[OK] Public health reachable at https://buf-logic-civic-rico.trycloudflare.com/api/v1/health
[OK] Public health reachable at https://buf-logic-civic-rico.trycloudflare.com/api/v1/health
[OK] Public health reachable at https://buf-logic-civic-rico.trycloudflare.com/api/v1/health
[OK] Public health reachable at https://buf-logic-civic-rico.trycloudflare.com/api/v1/health
[OK] Public health reachable at https://buf-logic-civic-rico.trycloudflare.com/api/v1/health
[OK] Public health reachable at https://buf-logic-civic-rico.trycloudflare.com/api/v1/health
[OK] Public health reachable at https://buf-logic-civic-rico.trycloudflare.com/api/v1/health
[OK] Public health reachable at https://buf-logic-civic-rico.trycloudflare.com/api/v1/health
[OK] Public health reachable at https://buf-logic-civic-rico.trycloudflare.com/api/v1/health
[OK] Public health reachable at https://buf-logic-civic-rico.trycloudflare.com/api/v1/health
[OK] Public health reachable at https://buf-logic-civic-rico.trycloudflare.com/api/v1/health
[OK] Public health reachable at https://buf-logic-civic-rico.trycloudflare.com/api/v1/health
[OK] Public health reachable at https://buf-logic-civic-rico.trycloudflare.com/api/v1/health
[OK] Public health reachable at https://buf-logic-civic-rico.trycloudflare.com/api/v1/health
[OK] Public health reachable at https://buf-logic-civic-rico.trycloudflare.com/api/v1/health
[OK] Public health reachable at https://buf-logic-civic-rico.trycloudflare.com/api/v1/health
[OK] Public health reachable at https://buf-logic-civic-rico.trycloudflare.com/api/v1/health
[OK] Public health reachable at https://buf-logic-civic-rico.trycloudflare.com/api/v1/health
[OK] Public health reachable at https://buf-logic-civic-rico.trycloudflare.com/api/v1/health
[OK] Public health reachable at https://buf-logic-civic-rico.trycloudflare.com/api/v1/health
[OK] Public health reachable at https://buf-logic-civic-rico.trycloudflare.com/api/v1/health
[OK] Public health reachable at https://buf-logic-civic-rico.trycloudflare.com/api/v1/health
[OK] Public health reachable at https://buf-logic-civic-rico.trycloudflare.com/api/v1/health
[OK] Public health reachable at https://buf-logic-civic-rico.trycloudflare.com/api/v1/health
[OK] Public health reachable at https://buf-logic-civic-rico.trycloudflare.com/api/v1/health
[OK] Public health reachable at https://buf-logic-civic-rico.trycloudflare.com/api/v1/health
[OK] Public health reachable at https://buf-logic-civic-rico.trycloudflare.com/api/v1/health
[OK] Public health reachable at https://buf-logic-civic-rico.trycloudflare.com/api/v1/health
[OK] Public health reachable at https://buf-logic-civic-rico.trycloudflare.com/api/v1/health
[OK] Public health reachable at https://buf-logic-civic-rico.trycloudflare.com/api/v1/health
[OK] Public health reachable at https://buf-logic-civic-rico.trycloudflare.com/api/v1/health
[OK] Public health reachable at https://buf-logic-civic-rico.trycloudflare.com/api/v1/health
[OK] Public health reachable at https://buf-logic-civic-rico.trycloudflare.com/api/v1/health
[OK] Public health reachable at https://buf-logic-civic-rico.trycloudflare.com/api/v1/health
[OK] Public health reachable at https://buf-logic-civic-rico.trycloudflare.com/api/v1/health
[OK] Public health reachable at https://buf-logic-civic-rico.trycloudflare.com/api/v1/health
